2024-06-14T11:47:37  docs: clarify usage notes
2024-07-01T18:04:44  test: add edge case
2024-07-25T13:21:51  refactor: tidy internals
2024-08-19T08:38:58  fix: handle empty input gracefully
2024-09-29T15:55:05  perf: micro-optimization
2024-10-24T10:12:12  style: formatting
2024-11-17T17:29:19  chore: bump dev tooling
2024-12-05T12:46:26  docs: expand examples
2024-12-29T19:03:33  test: strengthen coverage
2025-01-23T14:20:40  chore: tune defaults
2025-02-16T09:37:47  refactor: simplify helper
2025-03-06T16:54:54  chore: routine maintenance
2025-03-30T11:11:01  docs: clarify usage notes
2025-04-24T18:28:08  test: add edge case
2025-05-11T13:45:15  refactor: tidy internals
2025-06-05T08:02:22  fix: handle empty input gracefully
2025-06-29T15:19:29  perf: micro-optimization
2025-07-23T10:36:36  style: formatting
2025-09-03T17:53:43  chore: bump dev tooling
2025-09-27T12:10:50  docs: expand examples
2025-10-22T19:27:57  test: strengthen coverage
2025-11-08T14:44:04  chore: tune defaults
2025-12-03T09:01:11  refactor: simplify helper
2025-12-27T16:18:18  chore: routine maintenance
2026-01-14T11:35:25  docs: clarify usage notes
2026-02-07T18:52:32  test: add edge case
2026-03-04T13:09:39  refactor: tidy internals
2026-03-28T08:26:46  fix: handle empty input gracefully
2026-05-09T15:43:53  perf: micro-optimization
2026-06-02T10:00:00  style: formatting
2024-08-13T11:47:37  fix: works on my machine (TM)
2024-12-19T18:04:44  chore: in case of fire — commit, push, leave building
2025-01-13T13:21:51  docs: ELI5 pass
2025-05-05T08:38:58  refactor: future me will understand this
2025-09-11T15:55:05  test: it's not flaky, you're flaky
2025-10-06T10:12:12  chore: routine maintenance
2026-01-26T17:29:19  docs: clarify usage notes
2026-03-09T12:46:26  test: add edge case
2024-06-01T14:42:42  fix(scan): add a regression fixture
2024-06-21T09:59:49  docs: here be dragons
2024-07-12T16:16:56  test(report): support stdin as a source
2024-08-02T11:33:03  build(docs): document the config keys
2024-08-23T18:50:10  chore(cache): pin the test dependencies
2024-09-13T13:07:17  refactor(engine): respect .gitignore when walking
2024-10-04T08:24:24  feat: ARCHON signed off on this
2024-10-24T15:41:31  build(format): make timestamps timezone-aware
2024-10-28T10:58:38  chore(rules): add color + severity icons
2024-11-17T17:15:45  refactor(config): add a dry-run flag
2024-12-09T12:32:52  style(scan): stream large files without buffering
2024-12-29T19:49:59  chore: routine maintenance
2025-01-19T14:06:06  chore(report): trim whitespace in parsed fields
2025-02-09T09:23:13  perf(docs): normalize unicode before matching
2025-03-02T16:40:20  style(cache): assert exit codes in tests
2025-03-05T11:57:27  feat(engine): simplify the walker
2025-03-26T18:14:34  test: trust, but verify
2025-04-16T13:31:41  perf(format): clarify the README quickstart
2025-05-07T08:48:48  ci(rules): lower memory on big inputs
2025-05-28T15:05:55  feat(config): add a JSON schema for output
2025-06-18T10:22:02  docs(scan): memoize repeated lookups
2025-07-09T17:39:09  chore: tune defaults
2025-07-11T12:56:16  ci(report): load rules lazily for faster startup
2025-08-02T19:13:23  style(engine): skip binary files by sniffing
2025-08-22T14:30:30  feat(ci): add pagination to large reports
2025-09-13T09:47:37  chore(format): improve the demo scenario
2025-10-03T16:04:44  perf(rules): guard against ReDoS in patterns
2025-10-24T11:21:51  docs: standing on the shoulders of giants (garak, sigma, trufflehog)
2025-11-14T18:38:58  feat(scan): add a fast path for the common case
2025-11-17T13:55:05  docs(core): tune severity weights
2025-12-08T08:12:12  perf(report): add type hints to the public API
2025-12-29T15:29:19  ci(docs): improve error messages with context
